<?xml version="1.0" encoding="UTF-8"?>
<!-- Generated by org.testng.reporters.JUnitReportReporter -->
<testsuite hostname="7eleven1-PC" name="ddTest.Datadriventest" tests="3" failures="0" timestamp="21 Dec 2015 08:50:18 GMT" time="0.001" errors="3">
  <testcase name="testCase" time="0.000" classname="ddTest.Datadriventest">
    <error type="org.openqa.selenium.WebDriverException" message="Failed to connect to binary FirefoxBinary(C:\Program Files (x86)\Mozilla Firefox\firefox.exe) on port 7055; process output follows: 
82AF8DCA-6DE9-405D-BD5E-43525BDAD38A} in app-global
1450687773245	addons.xpi	DEBUG	getModTime: Recursive scan of {972ce4c6-7e08-4474-a285-3208198ce6fd}
1450687773246	addons.xpi	DEBUG	Existing add-on {972ce4c6-7e08-4474-a285-3208198ce6fd} in app-global
1450687773246	addons.xpi	DEBUG	Existing add-on {4ED1F68A-5463-4931-9384-8FFF5ED91D92} in winreg-app-global
1450687773246	addons.xpi	DEBUG	getInstallState changed: false, state: {&quot;app-profile&quot;:{&quot;fxdriver@googlecode.com&quot;:{&quot;d&quot;:&quot;C:\\Users\\7eleven1\\AppData\\Local\\Temp\\anonymous296845526318039685webdriver-profile\\extensions\\fxdriver@googlecode.com&quot;,&quot;e&quot;:false,&quot;v&quot;:&quot;2.45.0&quot;,&quot;st&quot;:1450687767878,&quot;mt&quot;:1450687767726}},&quot;app-global&quot;:{&quot;{82AF8DCA-6DE9-405D-BD5E-43525BDAD38A}&quot;:{&quot;d&quot;:&quot;C:\\Program Files (x86)\\Mozilla Firefox\\browser\\extensions\\{82AF8DCA-6DE9-405D-BD5E-43525BDAD38A}.xpi&quot;,&quot;e&quot;:true,&quot;v&quot;:&quot;7.5.0.9082&quot;,&quot;st&quot;:1444303946000},&quot;{972ce4c6-7e08-4474-a285-3208198ce6fd}&quot;:{&quot;d&quot;:&quot;C:\\Program Files (x86)\\Mozilla Firefox\\browser\\extensions\\{972ce4c6-7e08-4474-a285-3208198ce6fd}&quot;,&quot;e&quot;:true,&quot;v&quot;:&quot;43.0.1&quot;,&quot;st&quot;:1450519909399,&quot;mt&quot;:1450519908633}},&quot;winreg-app-global&quot;:{&quot;{4ED1F68A-5463-4931-9384-8FFF5ED91D92}&quot;:{&quot;d&quot;:&quot;C:\\Program Files (x86)\\McAfee\\SiteAdvisor&quot;,&quot;e&quot;:false,&quot;v&quot;:&quot;3.6.6&quot;,&quot;st&quot;:1399707877582,&quot;mt&quot;:1395226506000}}}
1450687773248	addons.xpi	DEBUG	No changes found
1450687773253	addons.xpi	DEBUG	Registering manifest for C:\Program Files (x86)\Mozilla Firefox\browser\extensions\{82AF8DCA-6DE9-405D-BD5E-43525BDAD38A}.xpi
1450687773254	addons.xpi	DEBUG	Loading bootstrap scope from C:\Program Files (x86)\Mozilla Firefox\browser\extensions\{82AF8DCA-6DE9-405D-BD5E-43525BDAD38A}.xpi
1450687773259	addons.xpi	DEBUG	Calling bootstrap method startup on {82AF8DCA-6DE9-405D-BD5E-43525BDAD38A} version 7.5.0.9082
1450687773297	addons.manager	DEBUG	Registering shutdown blocker for XPIProvider
1450687773297	addons.manager	DEBUG	Provider finished startup: XPIProvider
1450687773297	addons.manager	DEBUG	Starting provider: LightweightThemeManager
1450687773297	addons.manager	DEBUG	Registering shutdown blocker for LightweightThemeManager
1450687773297	addons.manager	DEBUG	Provider finished startup: LightweightThemeManager
1450687773298	addons.manager	DEBUG	Starting provider: GMPProvider
1450687773302	addons.manager	DEBUG	Registering shutdown blocker for GMPProvider
1450687773302	addons.manager	DEBUG	Provider finished startup: GMPProvider
1450687773302	addons.manager	DEBUG	Starting provider: PluginProvider
1450687773302	addons.manager	DEBUG	Registering shutdown blocker for PluginProvider
1450687773303	addons.manager	DEBUG	Provider finished startup: PluginProvider
1450687773303	addons.manager	DEBUG	Completed startup sequence
1450687773459	addons.xpi-utils	DEBUG	Starting async load of XPI database C:\Users\7eleven1\AppData\Local\Temp\anonymous296845526318039685webdriver-profile\extensions.json
*** Blocklist::_loadBlocklistFromFile: blocklist is disabled
1450687773542	addons.manager	DEBUG	Starting provider: &lt;unnamed-provider&gt;
1450687773542	addons.manager	DEBUG	Registering shutdown blocker for &lt;unnamed-provider&gt;
1450687773542	addons.manager	DEBUG	Provider finished startup: &lt;unnamed-provider&gt;
1450687773630	addons.xpi-utils	DEBUG	Async JSON file read took 0 MS
1450687773630	addons.xpi-utils	DEBUG	Finished async read of XPI database, parsing...
1450687773631	addons.xpi-utils	DEBUG	Successfully read XPI database
1450687773700	addons.manager	DEBUG	Starting provider: PreviousExperimentProvider
1450687773700	addons.manager	DEBUG	Registering shutdown blocker for PreviousExperimentProvider
1450687773700	addons.manager	DEBUG	Provider finished startup: PreviousExperimentProvider
JavaScript error: resource://skype_ff_extension-at-jetpack/skype_ff_extension/data/c2c_options_menu_localization.js, line 189: TypeError: document.getElementById(...) is null
JavaScript warning: https://self-repair.mozilla.org/en-US/repair/, line 8: mutating the [[Prototype]] of an object will cause your code to run very slowly; instead create the object with the correct initial [[Prototype]] value using Object.create

Build info: version: &#039;2.45.0&#039;, revision: &#039;32a636c&#039;, time: &#039;2015-03-05 22:01:35&#039;
System info: host: &#039;7eleven1-PC&#039;, ip: &#039;192.168.1.7&#039;, os.name: &#039;Windows 7&#039;, os.arch: &#039;x86&#039;, os.version: &#039;6.1&#039;, java.version: &#039;1.8.0_65&#039;
Driver info: driver.version: FirefoxDriver">
      <![CDATA[org.openqa.selenium.WebDriverException: Failed to connect to binary FirefoxBinary(C:\Program Files (x86)\Mozilla Firefox\firefox.exe) on port 7055; process output follows: 
82AF8DCA-6DE9-405D-BD5E-43525BDAD38A} in app-global
1450687773245	addons.xpi	DEBUG	getModTime: Recursive scan of {972ce4c6-7e08-4474-a285-3208198ce6fd}
1450687773246	addons.xpi	DEBUG	Existing add-on {972ce4c6-7e08-4474-a285-3208198ce6fd} in app-global
1450687773246	addons.xpi	DEBUG	Existing add-on {4ED1F68A-5463-4931-9384-8FFF5ED91D92} in winreg-app-global
1450687773246	addons.xpi	DEBUG	getInstallState changed: false, state: {"app-profile":{"fxdriver@googlecode.com":{"d":"C:\\Users\\7eleven1\\AppData\\Local\\Temp\\anonymous296845526318039685webdriver-profile\\extensions\\fxdriver@googlecode.com","e":false,"v":"2.45.0","st":1450687767878,"mt":1450687767726}},"app-global":{"{82AF8DCA-6DE9-405D-BD5E-43525BDAD38A}":{"d":"C:\\Program Files (x86)\\Mozilla Firefox\\browser\\extensions\\{82AF8DCA-6DE9-405D-BD5E-43525BDAD38A}.xpi","e":true,"v":"7.5.0.9082","st":1444303946000},"{972ce4c6-7e08-4474-a285-3208198ce6fd}":{"d":"C:\\Program Files (x86)\\Mozilla Firefox\\browser\\extensions\\{972ce4c6-7e08-4474-a285-3208198ce6fd}","e":true,"v":"43.0.1","st":1450519909399,"mt":1450519908633}},"winreg-app-global":{"{4ED1F68A-5463-4931-9384-8FFF5ED91D92}":{"d":"C:\\Program Files (x86)\\McAfee\\SiteAdvisor","e":false,"v":"3.6.6","st":1399707877582,"mt":1395226506000}}}
1450687773248	addons.xpi	DEBUG	No changes found
1450687773253	addons.xpi	DEBUG	Registering manifest for C:\Program Files (x86)\Mozilla Firefox\browser\extensions\{82AF8DCA-6DE9-405D-BD5E-43525BDAD38A}.xpi
1450687773254	addons.xpi	DEBUG	Loading bootstrap scope from C:\Program Files (x86)\Mozilla Firefox\browser\extensions\{82AF8DCA-6DE9-405D-BD5E-43525BDAD38A}.xpi
1450687773259	addons.xpi	DEBUG	Calling bootstrap method startup on {82AF8DCA-6DE9-405D-BD5E-43525BDAD38A} version 7.5.0.9082
1450687773297	addons.manager	DEBUG	Registering shutdown blocker for XPIProvider
1450687773297	addons.manager	DEBUG	Provider finished startup: XPIProvider
1450687773297	addons.manager	DEBUG	Starting provider: LightweightThemeManager
1450687773297	addons.manager	DEBUG	Registering shutdown blocker for LightweightThemeManager
1450687773297	addons.manager	DEBUG	Provider finished startup: LightweightThemeManager
1450687773298	addons.manager	DEBUG	Starting provider: GMPProvider
1450687773302	addons.manager	DEBUG	Registering shutdown blocker for GMPProvider
1450687773302	addons.manager	DEBUG	Provider finished startup: GMPProvider
1450687773302	addons.manager	DEBUG	Starting provider: PluginProvider
1450687773302	addons.manager	DEBUG	Registering shutdown blocker for PluginProvider
1450687773303	addons.manager	DEBUG	Provider finished startup: PluginProvider
1450687773303	addons.manager	DEBUG	Completed startup sequence
1450687773459	addons.xpi-utils	DEBUG	Starting async load of XPI database C:\Users\7eleven1\AppData\Local\Temp\anonymous296845526318039685webdriver-profile\extensions.json
*** Blocklist::_loadBlocklistFromFile: blocklist is disabled
1450687773542	addons.manager	DEBUG	Starting provider: <unnamed-provider>
1450687773542	addons.manager	DEBUG	Registering shutdown blocker for <unnamed-provider>
1450687773542	addons.manager	DEBUG	Provider finished startup: <unnamed-provider>
1450687773630	addons.xpi-utils	DEBUG	Async JSON file read took 0 MS
1450687773630	addons.xpi-utils	DEBUG	Finished async read of XPI database, parsing...
1450687773631	addons.xpi-utils	DEBUG	Successfully read XPI database
1450687773700	addons.manager	DEBUG	Starting provider: PreviousExperimentProvider
1450687773700	addons.manager	DEBUG	Registering shutdown blocker for PreviousExperimentProvider
1450687773700	addons.manager	DEBUG	Provider finished startup: PreviousExperimentProvider
JavaScript error: resource://skype_ff_extension-at-jetpack/skype_ff_extension/data/c2c_options_menu_localization.js, line 189: TypeError: document.getElementById(...) is null
JavaScript warning: https://self-repair.mozilla.org/en-US/repair/, line 8: mutating the [[Prototype]] of an object will cause your code to run very slowly; instead create the object with the correct initial [[Prototype]] value using Object.create

Build info: version: '2.45.0', revision: '32a636c', time: '2015-03-05 22:01:35'
System info: host: '7eleven1-PC', ip: '192.168.1.7', os.name: 'Windows 7', os.arch: 'x86', os.version: '6.1', java.version: '1.8.0_65'
Driver info: driver.version: FirefoxDriver
	at org.openqa.selenium.firefox.internal.NewProfileExtensionConnection.start(NewProfileExtensionConnection.java:130)
	at org.openqa.selenium.firefox.FirefoxDriver.startClient(FirefoxDriver.java:246)
	at org.openqa.selenium.remote.RemoteWebDriver.<init>(RemoteWebDriver.java:114)
	at org.openqa.selenium.firefox.FirefoxDriver.<init>(FirefoxDriver.java:193)
	at org.openqa.selenium.firefox.FirefoxDriver.<init>(FirefoxDriver.java:186)
	at org.openqa.selenium.firefox.FirefoxDriver.<init>(FirefoxDriver.java:182)
	at org.openqa.selenium.firefox.FirefoxDriver.<init>(FirefoxDriver.java:95)
	at ddTest.Datadriventest.setUp(Datadriventest.java:29)
	at sun.reflect.NativeMethodAccessorImpl.invoke0(Native Method)
	at sun.reflect.NativeMethodAccessorImpl.invoke(Unknown Source)
	at sun.reflect.DelegatingMethodAccessorImpl.invoke(Unknown Source)
	at java.lang.reflect.Method.invoke(Unknown Source)
	at org.testng.internal.MethodInvocationHelper.invokeMethod(MethodInvocationHelper.java:85)
	at org.testng.internal.Invoker.invokeConfigurationMethod(Invoker.java:521)
	at org.testng.internal.Invoker.invokeConfigurations(Invoker.java:213)
	at org.testng.internal.Invoker.invokeConfigurations(Invoker.java:140)
	at org.testng.TestRunner.beforeRun(TestRunner.java:645)
	at org.testng.TestRunner.run(TestRunner.java:613)
	at org.testng.SuiteRunner.runTest(SuiteRunner.java:357)
	at org.testng.SuiteRunner.runSequentially(SuiteRunner.java:352)
	at org.testng.SuiteRunner.privateRun(SuiteRunner.java:310)
	at org.testng.SuiteRunner.run(SuiteRunner.java:259)
	at org.testng.SuiteRunnerWorker.runSuite(SuiteRunnerWorker.java:52)
	at org.testng.SuiteRunnerWorker.run(SuiteRunnerWorker.java:86)
	at org.testng.TestNG.runSuitesSequentially(TestNG.java:1200)
	at org.testng.TestNG.runSuitesLocally(TestNG.java:1125)
	at org.testng.TestNG.run(TestNG.java:1033)
	at org.testng.remote.RemoteTestNG.run(RemoteTestNG.java:111)
	at org.testng.remote.RemoteTestNG.initAndRun(RemoteTestNG.java:204)
	at org.testng.remote.RemoteTestNG.main(RemoteTestNG.java:175)
Caused by: org.openqa.selenium.firefox.NotConnectedException: Unable to connect to host 127.0.0.1 on port 7055 after 45000 ms. Firefox console output:
82AF8DCA-6DE9-405D-BD5E-43525BDAD38A} in app-global
1450687773245	addons.xpi	DEBUG	getModTime: Recursive scan of {972ce4c6-7e08-4474-a285-3208198ce6fd}
1450687773246	addons.xpi	DEBUG	Existing add-on {972ce4c6-7e08-4474-a285-3208198ce6fd} in app-global
1450687773246	addons.xpi	DEBUG	Existing add-on {4ED1F68A-5463-4931-9384-8FFF5ED91D92} in winreg-app-global
1450687773246	addons.xpi	DEBUG	getInstallState changed: false, state: {"app-profile":{"fxdriver@googlecode.com":{"d":"C:\\Users\\7eleven1\\AppData\\Local\\Temp\\anonymous296845526318039685webdriver-profile\\extensions\\fxdriver@googlecode.com","e":false,"v":"2.45.0","st":1450687767878,"mt":1450687767726}},"app-global":{"{82AF8DCA-6DE9-405D-BD5E-43525BDAD38A}":{"d":"C:\\Program Files (x86)\\Mozilla Firefox\\browser\\extensions\\{82AF8DCA-6DE9-405D-BD5E-43525BDAD38A}.xpi","e":true,"v":"7.5.0.9082","st":1444303946000},"{972ce4c6-7e08-4474-a285-3208198ce6fd}":{"d":"C:\\Program Files (x86)\\Mozilla Firefox\\browser\\extensions\\{972ce4c6-7e08-4474-a285-3208198ce6fd}","e":true,"v":"43.0.1","st":1450519909399,"mt":1450519908633}},"winreg-app-global":{"{4ED1F68A-5463-4931-9384-8FFF5ED91D92}":{"d":"C:\\Program Files (x86)\\McAfee\\SiteAdvisor","e":false,"v":"3.6.6","st":1399707877582,"mt":1395226506000}}}
1450687773248	addons.xpi	DEBUG	No changes found
1450687773253	addons.xpi	DEBUG	Registering manifest for C:\Program Files (x86)\Mozilla Firefox\browser\extensions\{82AF8DCA-6DE9-405D-BD5E-43525BDAD38A}.xpi
1450687773254	addons.xpi	DEBUG	Loading bootstrap scope from C:\Program Files (x86)\Mozilla Firefox\browser\extensions\{82AF8DCA-6DE9-405D-BD5E-43525BDAD38A}.xpi
1450687773259	addons.xpi	DEBUG	Calling bootstrap method startup on {82AF8DCA-6DE9-405D-BD5E-43525BDAD38A} version 7.5.0.9082
1450687773297	addons.manager	DEBUG	Registering shutdown blocker for XPIProvider
1450687773297	addons.manager	DEBUG	Provider finished startup: XPIProvider
1450687773297	addons.manager	DEBUG	Starting provider: LightweightThemeManager
1450687773297	addons.manager	DEBUG	Registering shutdown blocker for LightweightThemeManager
1450687773297	addons.manager	DEBUG	Provider finished startup: LightweightThemeManager
1450687773298	addons.manager	DEBUG	Starting provider: GMPProvider
1450687773302	addons.manager	DEBUG	Registering shutdown blocker for GMPProvider
1450687773302	addons.manager	DEBUG	Provider finished startup: GMPProvider
1450687773302	addons.manager	DEBUG	Starting provider: PluginProvider
1450687773302	addons.manager	DEBUG	Registering shutdown blocker for PluginProvider
1450687773303	addons.manager	DEBUG	Provider finished startup: PluginProvider
1450687773303	addons.manager	DEBUG	Completed startup sequence
1450687773459	addons.xpi-utils	DEBUG	Starting async load of XPI database C:\Users\7eleven1\AppData\Local\Temp\anonymous296845526318039685webdriver-profile\extensions.json
*** Blocklist::_loadBlocklistFromFile: blocklist is disabled
1450687773542	addons.manager	DEBUG	Starting provider: <unnamed-provider>
1450687773542	addons.manager	DEBUG	Registering shutdown blocker for <unnamed-provider>
1450687773542	addons.manager	DEBUG	Provider finished startup: <unnamed-provider>
1450687773630	addons.xpi-utils	DEBUG	Async JSON file read took 0 MS
1450687773630	addons.xpi-utils	DEBUG	Finished async read of XPI database, parsing...
1450687773631	addons.xpi-utils	DEBUG	Successfully read XPI database
1450687773700	addons.manager	DEBUG	Starting provider: PreviousExperimentProvider
1450687773700	addons.manager	DEBUG	Registering shutdown blocker for PreviousExperimentProvider
1450687773700	addons.manager	DEBUG	Provider finished startup: PreviousExperimentProvider
JavaScript error: resource://skype_ff_extension-at-jetpack/skype_ff_extension/data/c2c_options_menu_localization.js, line 189: TypeError: document.getElementById(...) is null
JavaScript warning: https://self-repair.mozilla.org/en-US/repair/, line 8: mutating the [[Prototype]] of an object will cause your code to run very slowly; instead create the object with the correct initial [[Prototype]] value using Object.create

	at org.openqa.selenium.firefox.internal.NewProfileExtensionConnection.start(NewProfileExtensionConnection.java:118)
	... 29 more
]]>
    </error>
  </testcase> <!-- testCase -->
  <testcase name="testCase" time="0.000" classname="ddTest.Datadriventest">
    <error type="org.openqa.selenium.WebDriverException" message="Failed to connect to binary FirefoxBinary(C:\Program Files (x86)\Mozilla Firefox\firefox.exe) on port 7055; process output follows: 
82AF8DCA-6DE9-405D-BD5E-43525BDAD38A} in app-global
1450687773245	addons.xpi	DEBUG	getModTime: Recursive scan of {972ce4c6-7e08-4474-a285-3208198ce6fd}
1450687773246	addons.xpi	DEBUG	Existing add-on {972ce4c6-7e08-4474-a285-3208198ce6fd} in app-global
1450687773246	addons.xpi	DEBUG	Existing add-on {4ED1F68A-5463-4931-9384-8FFF5ED91D92} in winreg-app-global
1450687773246	addons.xpi	DEBUG	getInstallState changed: false, state: {&quot;app-profile&quot;:{&quot;fxdriver@googlecode.com&quot;:{&quot;d&quot;:&quot;C:\\Users\\7eleven1\\AppData\\Local\\Temp\\anonymous296845526318039685webdriver-profile\\extensions\\fxdriver@googlecode.com&quot;,&quot;e&quot;:false,&quot;v&quot;:&quot;2.45.0&quot;,&quot;st&quot;:1450687767878,&quot;mt&quot;:1450687767726}},&quot;app-global&quot;:{&quot;{82AF8DCA-6DE9-405D-BD5E-43525BDAD38A}&quot;:{&quot;d&quot;:&quot;C:\\Program Files (x86)\\Mozilla Firefox\\browser\\extensions\\{82AF8DCA-6DE9-405D-BD5E-43525BDAD38A}.xpi&quot;,&quot;e&quot;:true,&quot;v&quot;:&quot;7.5.0.9082&quot;,&quot;st&quot;:1444303946000},&quot;{972ce4c6-7e08-4474-a285-3208198ce6fd}&quot;:{&quot;d&quot;:&quot;C:\\Program Files (x86)\\Mozilla Firefox\\browser\\extensions\\{972ce4c6-7e08-4474-a285-3208198ce6fd}&quot;,&quot;e&quot;:true,&quot;v&quot;:&quot;43.0.1&quot;,&quot;st&quot;:1450519909399,&quot;mt&quot;:1450519908633}},&quot;winreg-app-global&quot;:{&quot;{4ED1F68A-5463-4931-9384-8FFF5ED91D92}&quot;:{&quot;d&quot;:&quot;C:\\Program Files (x86)\\McAfee\\SiteAdvisor&quot;,&quot;e&quot;:false,&quot;v&quot;:&quot;3.6.6&quot;,&quot;st&quot;:1399707877582,&quot;mt&quot;:1395226506000}}}
1450687773248	addons.xpi	DEBUG	No changes found
1450687773253	addons.xpi	DEBUG	Registering manifest for C:\Program Files (x86)\Mozilla Firefox\browser\extensions\{82AF8DCA-6DE9-405D-BD5E-43525BDAD38A}.xpi
1450687773254	addons.xpi	DEBUG	Loading bootstrap scope from C:\Program Files (x86)\Mozilla Firefox\browser\extensions\{82AF8DCA-6DE9-405D-BD5E-43525BDAD38A}.xpi
1450687773259	addons.xpi	DEBUG	Calling bootstrap method startup on {82AF8DCA-6DE9-405D-BD5E-43525BDAD38A} version 7.5.0.9082
1450687773297	addons.manager	DEBUG	Registering shutdown blocker for XPIProvider
1450687773297	addons.manager	DEBUG	Provider finished startup: XPIProvider
1450687773297	addons.manager	DEBUG	Starting provider: LightweightThemeManager
1450687773297	addons.manager	DEBUG	Registering shutdown blocker for LightweightThemeManager
1450687773297	addons.manager	DEBUG	Provider finished startup: LightweightThemeManager
1450687773298	addons.manager	DEBUG	Starting provider: GMPProvider
1450687773302	addons.manager	DEBUG	Registering shutdown blocker for GMPProvider
1450687773302	addons.manager	DEBUG	Provider finished startup: GMPProvider
1450687773302	addons.manager	DEBUG	Starting provider: PluginProvider
1450687773302	addons.manager	DEBUG	Registering shutdown blocker for PluginProvider
1450687773303	addons.manager	DEBUG	Provider finished startup: PluginProvider
1450687773303	addons.manager	DEBUG	Completed startup sequence
1450687773459	addons.xpi-utils	DEBUG	Starting async load of XPI database C:\Users\7eleven1\AppData\Local\Temp\anonymous296845526318039685webdriver-profile\extensions.json
*** Blocklist::_loadBlocklistFromFile: blocklist is disabled
1450687773542	addons.manager	DEBUG	Starting provider: &lt;unnamed-provider&gt;
1450687773542	addons.manager	DEBUG	Registering shutdown blocker for &lt;unnamed-provider&gt;
1450687773542	addons.manager	DEBUG	Provider finished startup: &lt;unnamed-provider&gt;
1450687773630	addons.xpi-utils	DEBUG	Async JSON file read took 0 MS
1450687773630	addons.xpi-utils	DEBUG	Finished async read of XPI database, parsing...
1450687773631	addons.xpi-utils	DEBUG	Successfully read XPI database
1450687773700	addons.manager	DEBUG	Starting provider: PreviousExperimentProvider
1450687773700	addons.manager	DEBUG	Registering shutdown blocker for PreviousExperimentProvider
1450687773700	addons.manager	DEBUG	Provider finished startup: PreviousExperimentProvider
JavaScript error: resource://skype_ff_extension-at-jetpack/skype_ff_extension/data/c2c_options_menu_localization.js, line 189: TypeError: document.getElementById(...) is null
JavaScript warning: https://self-repair.mozilla.org/en-US/repair/, line 8: mutating the [[Prototype]] of an object will cause your code to run very slowly; instead create the object with the correct initial [[Prototype]] value using Object.create

Build info: version: &#039;2.45.0&#039;, revision: &#039;32a636c&#039;, time: &#039;2015-03-05 22:01:35&#039;
System info: host: &#039;7eleven1-PC&#039;, ip: &#039;192.168.1.7&#039;, os.name: &#039;Windows 7&#039;, os.arch: &#039;x86&#039;, os.version: &#039;6.1&#039;, java.version: &#039;1.8.0_65&#039;
Driver info: driver.version: FirefoxDriver">
      <![CDATA[org.openqa.selenium.WebDriverException: Failed to connect to binary FirefoxBinary(C:\Program Files (x86)\Mozilla Firefox\firefox.exe) on port 7055; process output follows: 
82AF8DCA-6DE9-405D-BD5E-43525BDAD38A} in app-global
1450687773245	addons.xpi	DEBUG	getModTime: Recursive scan of {972ce4c6-7e08-4474-a285-3208198ce6fd}
1450687773246	addons.xpi	DEBUG	Existing add-on {972ce4c6-7e08-4474-a285-3208198ce6fd} in app-global
1450687773246	addons.xpi	DEBUG	Existing add-on {4ED1F68A-5463-4931-9384-8FFF5ED91D92} in winreg-app-global
1450687773246	addons.xpi	DEBUG	getInstallState changed: false, state: {"app-profile":{"fxdriver@googlecode.com":{"d":"C:\\Users\\7eleven1\\AppData\\Local\\Temp\\anonymous296845526318039685webdriver-profile\\extensions\\fxdriver@googlecode.com","e":false,"v":"2.45.0","st":1450687767878,"mt":1450687767726}},"app-global":{"{82AF8DCA-6DE9-405D-BD5E-43525BDAD38A}":{"d":"C:\\Program Files (x86)\\Mozilla Firefox\\browser\\extensions\\{82AF8DCA-6DE9-405D-BD5E-43525BDAD38A}.xpi","e":true,"v":"7.5.0.9082","st":1444303946000},"{972ce4c6-7e08-4474-a285-3208198ce6fd}":{"d":"C:\\Program Files (x86)\\Mozilla Firefox\\browser\\extensions\\{972ce4c6-7e08-4474-a285-3208198ce6fd}","e":true,"v":"43.0.1","st":1450519909399,"mt":1450519908633}},"winreg-app-global":{"{4ED1F68A-5463-4931-9384-8FFF5ED91D92}":{"d":"C:\\Program Files (x86)\\McAfee\\SiteAdvisor","e":false,"v":"3.6.6","st":1399707877582,"mt":1395226506000}}}
1450687773248	addons.xpi	DEBUG	No changes found
1450687773253	addons.xpi	DEBUG	Registering manifest for C:\Program Files (x86)\Mozilla Firefox\browser\extensions\{82AF8DCA-6DE9-405D-BD5E-43525BDAD38A}.xpi
1450687773254	addons.xpi	DEBUG	Loading bootstrap scope from C:\Program Files (x86)\Mozilla Firefox\browser\extensions\{82AF8DCA-6DE9-405D-BD5E-43525BDAD38A}.xpi
1450687773259	addons.xpi	DEBUG	Calling bootstrap method startup on {82AF8DCA-6DE9-405D-BD5E-43525BDAD38A} version 7.5.0.9082
1450687773297	addons.manager	DEBUG	Registering shutdown blocker for XPIProvider
1450687773297	addons.manager	DEBUG	Provider finished startup: XPIProvider
1450687773297	addons.manager	DEBUG	Starting provider: LightweightThemeManager
1450687773297	addons.manager	DEBUG	Registering shutdown blocker for LightweightThemeManager
1450687773297	addons.manager	DEBUG	Provider finished startup: LightweightThemeManager
1450687773298	addons.manager	DEBUG	Starting provider: GMPProvider
1450687773302	addons.manager	DEBUG	Registering shutdown blocker for GMPProvider
1450687773302	addons.manager	DEBUG	Provider finished startup: GMPProvider
1450687773302	addons.manager	DEBUG	Starting provider: PluginProvider
1450687773302	addons.manager	DEBUG	Registering shutdown blocker for PluginProvider
1450687773303	addons.manager	DEBUG	Provider finished startup: PluginProvider
1450687773303	addons.manager	DEBUG	Completed startup sequence
1450687773459	addons.xpi-utils	DEBUG	Starting async load of XPI database C:\Users\7eleven1\AppData\Local\Temp\anonymous296845526318039685webdriver-profile\extensions.json
*** Blocklist::_loadBlocklistFromFile: blocklist is disabled
1450687773542	addons.manager	DEBUG	Starting provider: <unnamed-provider>
1450687773542	addons.manager	DEBUG	Registering shutdown blocker for <unnamed-provider>
1450687773542	addons.manager	DEBUG	Provider finished startup: <unnamed-provider>
1450687773630	addons.xpi-utils	DEBUG	Async JSON file read took 0 MS
1450687773630	addons.xpi-utils	DEBUG	Finished async read of XPI database, parsing...
1450687773631	addons.xpi-utils	DEBUG	Successfully read XPI database
1450687773700	addons.manager	DEBUG	Starting provider: PreviousExperimentProvider
1450687773700	addons.manager	DEBUG	Registering shutdown blocker for PreviousExperimentProvider
1450687773700	addons.manager	DEBUG	Provider finished startup: PreviousExperimentProvider
JavaScript error: resource://skype_ff_extension-at-jetpack/skype_ff_extension/data/c2c_options_menu_localization.js, line 189: TypeError: document.getElementById(...) is null
JavaScript warning: https://self-repair.mozilla.org/en-US/repair/, line 8: mutating the [[Prototype]] of an object will cause your code to run very slowly; instead create the object with the correct initial [[Prototype]] value using Object.create

Build info: version: '2.45.0', revision: '32a636c', time: '2015-03-05 22:01:35'
System info: host: '7eleven1-PC', ip: '192.168.1.7', os.name: 'Windows 7', os.arch: 'x86', os.version: '6.1', java.version: '1.8.0_65'
Driver info: driver.version: FirefoxDriver
	at org.openqa.selenium.firefox.internal.NewProfileExtensionConnection.start(NewProfileExtensionConnection.java:130)
	at org.openqa.selenium.firefox.FirefoxDriver.startClient(FirefoxDriver.java:246)
	at org.openqa.selenium.remote.RemoteWebDriver.<init>(RemoteWebDriver.java:114)
	at org.openqa.selenium.firefox.FirefoxDriver.<init>(FirefoxDriver.java:193)
	at org.openqa.selenium.firefox.FirefoxDriver.<init>(FirefoxDriver.java:186)
	at org.openqa.selenium.firefox.FirefoxDriver.<init>(FirefoxDriver.java:182)
	at org.openqa.selenium.firefox.FirefoxDriver.<init>(FirefoxDriver.java:95)
	at ddTest.Datadriventest.setUp(Datadriventest.java:29)
	at sun.reflect.NativeMethodAccessorImpl.invoke0(Native Method)
	at sun.reflect.NativeMethodAccessorImpl.invoke(Unknown Source)
	at sun.reflect.DelegatingMethodAccessorImpl.invoke(Unknown Source)
	at java.lang.reflect.Method.invoke(Unknown Source)
	at org.testng.internal.MethodInvocationHelper.invokeMethod(MethodInvocationHelper.java:85)
	at org.testng.internal.Invoker.invokeConfigurationMethod(Invoker.java:521)
	at org.testng.internal.Invoker.invokeConfigurations(Invoker.java:213)
	at org.testng.internal.Invoker.invokeConfigurations(Invoker.java:140)
	at org.testng.TestRunner.beforeRun(TestRunner.java:645)
	at org.testng.TestRunner.run(TestRunner.java:613)
	at org.testng.SuiteRunner.runTest(SuiteRunner.java:357)
	at org.testng.SuiteRunner.runSequentially(SuiteRunner.java:352)
	at org.testng.SuiteRunner.privateRun(SuiteRunner.java:310)
	at org.testng.SuiteRunner.run(SuiteRunner.java:259)
	at org.testng.SuiteRunnerWorker.runSuite(SuiteRunnerWorker.java:52)
	at org.testng.SuiteRunnerWorker.run(SuiteRunnerWorker.java:86)
	at org.testng.TestNG.runSuitesSequentially(TestNG.java:1200)
	at org.testng.TestNG.runSuitesLocally(TestNG.java:1125)
	at org.testng.TestNG.run(TestNG.java:1033)
	at org.testng.remote.RemoteTestNG.run(RemoteTestNG.java:111)
	at org.testng.remote.RemoteTestNG.initAndRun(RemoteTestNG.java:204)
	at org.testng.remote.RemoteTestNG.main(RemoteTestNG.java:175)
Caused by: org.openqa.selenium.firefox.NotConnectedException: Unable to connect to host 127.0.0.1 on port 7055 after 45000 ms. Firefox console output:
82AF8DCA-6DE9-405D-BD5E-43525BDAD38A} in app-global
1450687773245	addons.xpi	DEBUG	getModTime: Recursive scan of {972ce4c6-7e08-4474-a285-3208198ce6fd}
1450687773246	addons.xpi	DEBUG	Existing add-on {972ce4c6-7e08-4474-a285-3208198ce6fd} in app-global
1450687773246	addons.xpi	DEBUG	Existing add-on {4ED1F68A-5463-4931-9384-8FFF5ED91D92} in winreg-app-global
1450687773246	addons.xpi	DEBUG	getInstallState changed: false, state: {"app-profile":{"fxdriver@googlecode.com":{"d":"C:\\Users\\7eleven1\\AppData\\Local\\Temp\\anonymous296845526318039685webdriver-profile\\extensions\\fxdriver@googlecode.com","e":false,"v":"2.45.0","st":1450687767878,"mt":1450687767726}},"app-global":{"{82AF8DCA-6DE9-405D-BD5E-43525BDAD38A}":{"d":"C:\\Program Files (x86)\\Mozilla Firefox\\browser\\extensions\\{82AF8DCA-6DE9-405D-BD5E-43525BDAD38A}.xpi","e":true,"v":"7.5.0.9082","st":1444303946000},"{972ce4c6-7e08-4474-a285-3208198ce6fd}":{"d":"C:\\Program Files (x86)\\Mozilla Firefox\\browser\\extensions\\{972ce4c6-7e08-4474-a285-3208198ce6fd}","e":true,"v":"43.0.1","st":1450519909399,"mt":1450519908633}},"winreg-app-global":{"{4ED1F68A-5463-4931-9384-8FFF5ED91D92}":{"d":"C:\\Program Files (x86)\\McAfee\\SiteAdvisor","e":false,"v":"3.6.6","st":1399707877582,"mt":1395226506000}}}
1450687773248	addons.xpi	DEBUG	No changes found
1450687773253	addons.xpi	DEBUG	Registering manifest for C:\Program Files (x86)\Mozilla Firefox\browser\extensions\{82AF8DCA-6DE9-405D-BD5E-43525BDAD38A}.xpi
1450687773254	addons.xpi	DEBUG	Loading bootstrap scope from C:\Program Files (x86)\Mozilla Firefox\browser\extensions\{82AF8DCA-6DE9-405D-BD5E-43525BDAD38A}.xpi
1450687773259	addons.xpi	DEBUG	Calling bootstrap method startup on {82AF8DCA-6DE9-405D-BD5E-43525BDAD38A} version 7.5.0.9082
1450687773297	addons.manager	DEBUG	Registering shutdown blocker for XPIProvider
1450687773297	addons.manager	DEBUG	Provider finished startup: XPIProvider
1450687773297	addons.manager	DEBUG	Starting provider: LightweightThemeManager
1450687773297	addons.manager	DEBUG	Registering shutdown blocker for LightweightThemeManager
1450687773297	addons.manager	DEBUG	Provider finished startup: LightweightThemeManager
1450687773298	addons.manager	DEBUG	Starting provider: GMPProvider
1450687773302	addons.manager	DEBUG	Registering shutdown blocker for GMPProvider
1450687773302	addons.manager	DEBUG	Provider finished startup: GMPProvider
1450687773302	addons.manager	DEBUG	Starting provider: PluginProvider
1450687773302	addons.manager	DEBUG	Registering shutdown blocker for PluginProvider
1450687773303	addons.manager	DEBUG	Provider finished startup: PluginProvider
1450687773303	addons.manager	DEBUG	Completed startup sequence
1450687773459	addons.xpi-utils	DEBUG	Starting async load of XPI database C:\Users\7eleven1\AppData\Local\Temp\anonymous296845526318039685webdriver-profile\extensions.json
*** Blocklist::_loadBlocklistFromFile: blocklist is disabled
1450687773542	addons.manager	DEBUG	Starting provider: <unnamed-provider>
1450687773542	addons.manager	DEBUG	Registering shutdown blocker for <unnamed-provider>
1450687773542	addons.manager	DEBUG	Provider finished startup: <unnamed-provider>
1450687773630	addons.xpi-utils	DEBUG	Async JSON file read took 0 MS
1450687773630	addons.xpi-utils	DEBUG	Finished async read of XPI database, parsing...
1450687773631	addons.xpi-utils	DEBUG	Successfully read XPI database
1450687773700	addons.manager	DEBUG	Starting provider: PreviousExperimentProvider
1450687773700	addons.manager	DEBUG	Registering shutdown blocker for PreviousExperimentProvider
1450687773700	addons.manager	DEBUG	Provider finished startup: PreviousExperimentProvider
JavaScript error: resource://skype_ff_extension-at-jetpack/skype_ff_extension/data/c2c_options_menu_localization.js, line 189: TypeError: document.getElementById(...) is null
JavaScript warning: https://self-repair.mozilla.org/en-US/repair/, line 8: mutating the [[Prototype]] of an object will cause your code to run very slowly; instead create the object with the correct initial [[Prototype]] value using Object.create

	at org.openqa.selenium.firefox.internal.NewProfileExtensionConnection.start(NewProfileExtensionConnection.java:118)
	... 29 more
]]>
    </error>
  </testcase> <!-- testCase -->
  <testcase name="testCase" time="0.001" classname="ddTest.Datadriventest">
    <error type="org.openqa.selenium.WebDriverException" message="Failed to connect to binary FirefoxBinary(C:\Program Files (x86)\Mozilla Firefox\firefox.exe) on port 7055; process output follows: 
82AF8DCA-6DE9-405D-BD5E-43525BDAD38A} in app-global
1450687773245	addons.xpi	DEBUG	getModTime: Recursive scan of {972ce4c6-7e08-4474-a285-3208198ce6fd}
1450687773246	addons.xpi	DEBUG	Existing add-on {972ce4c6-7e08-4474-a285-3208198ce6fd} in app-global
1450687773246	addons.xpi	DEBUG	Existing add-on {4ED1F68A-5463-4931-9384-8FFF5ED91D92} in winreg-app-global
1450687773246	addons.xpi	DEBUG	getInstallState changed: false, state: {&quot;app-profile&quot;:{&quot;fxdriver@googlecode.com&quot;:{&quot;d&quot;:&quot;C:\\Users\\7eleven1\\AppData\\Local\\Temp\\anonymous296845526318039685webdriver-profile\\extensions\\fxdriver@googlecode.com&quot;,&quot;e&quot;:false,&quot;v&quot;:&quot;2.45.0&quot;,&quot;st&quot;:1450687767878,&quot;mt&quot;:1450687767726}},&quot;app-global&quot;:{&quot;{82AF8DCA-6DE9-405D-BD5E-43525BDAD38A}&quot;:{&quot;d&quot;:&quot;C:\\Program Files (x86)\\Mozilla Firefox\\browser\\extensions\\{82AF8DCA-6DE9-405D-BD5E-43525BDAD38A}.xpi&quot;,&quot;e&quot;:true,&quot;v&quot;:&quot;7.5.0.9082&quot;,&quot;st&quot;:1444303946000},&quot;{972ce4c6-7e08-4474-a285-3208198ce6fd}&quot;:{&quot;d&quot;:&quot;C:\\Program Files (x86)\\Mozilla Firefox\\browser\\extensions\\{972ce4c6-7e08-4474-a285-3208198ce6fd}&quot;,&quot;e&quot;:true,&quot;v&quot;:&quot;43.0.1&quot;,&quot;st&quot;:1450519909399,&quot;mt&quot;:1450519908633}},&quot;winreg-app-global&quot;:{&quot;{4ED1F68A-5463-4931-9384-8FFF5ED91D92}&quot;:{&quot;d&quot;:&quot;C:\\Program Files (x86)\\McAfee\\SiteAdvisor&quot;,&quot;e&quot;:false,&quot;v&quot;:&quot;3.6.6&quot;,&quot;st&quot;:1399707877582,&quot;mt&quot;:1395226506000}}}
1450687773248	addons.xpi	DEBUG	No changes found
1450687773253	addons.xpi	DEBUG	Registering manifest for C:\Program Files (x86)\Mozilla Firefox\browser\extensions\{82AF8DCA-6DE9-405D-BD5E-43525BDAD38A}.xpi
1450687773254	addons.xpi	DEBUG	Loading bootstrap scope from C:\Program Files (x86)\Mozilla Firefox\browser\extensions\{82AF8DCA-6DE9-405D-BD5E-43525BDAD38A}.xpi
1450687773259	addons.xpi	DEBUG	Calling bootstrap method startup on {82AF8DCA-6DE9-405D-BD5E-43525BDAD38A} version 7.5.0.9082
1450687773297	addons.manager	DEBUG	Registering shutdown blocker for XPIProvider
1450687773297	addons.manager	DEBUG	Provider finished startup: XPIProvider
1450687773297	addons.manager	DEBUG	Starting provider: LightweightThemeManager
1450687773297	addons.manager	DEBUG	Registering shutdown blocker for LightweightThemeManager
1450687773297	addons.manager	DEBUG	Provider finished startup: LightweightThemeManager
1450687773298	addons.manager	DEBUG	Starting provider: GMPProvider
1450687773302	addons.manager	DEBUG	Registering shutdown blocker for GMPProvider
1450687773302	addons.manager	DEBUG	Provider finished startup: GMPProvider
1450687773302	addons.manager	DEBUG	Starting provider: PluginProvider
1450687773302	addons.manager	DEBUG	Registering shutdown blocker for PluginProvider
1450687773303	addons.manager	DEBUG	Provider finished startup: PluginProvider
1450687773303	addons.manager	DEBUG	Completed startup sequence
1450687773459	addons.xpi-utils	DEBUG	Starting async load of XPI database C:\Users\7eleven1\AppData\Local\Temp\anonymous296845526318039685webdriver-profile\extensions.json
*** Blocklist::_loadBlocklistFromFile: blocklist is disabled
1450687773542	addons.manager	DEBUG	Starting provider: &lt;unnamed-provider&gt;
1450687773542	addons.manager	DEBUG	Registering shutdown blocker for &lt;unnamed-provider&gt;
1450687773542	addons.manager	DEBUG	Provider finished startup: &lt;unnamed-provider&gt;
1450687773630	addons.xpi-utils	DEBUG	Async JSON file read took 0 MS
1450687773630	addons.xpi-utils	DEBUG	Finished async read of XPI database, parsing...
1450687773631	addons.xpi-utils	DEBUG	Successfully read XPI database
1450687773700	addons.manager	DEBUG	Starting provider: PreviousExperimentProvider
1450687773700	addons.manager	DEBUG	Registering shutdown blocker for PreviousExperimentProvider
1450687773700	addons.manager	DEBUG	Provider finished startup: PreviousExperimentProvider
JavaScript error: resource://skype_ff_extension-at-jetpack/skype_ff_extension/data/c2c_options_menu_localization.js, line 189: TypeError: document.getElementById(...) is null
JavaScript warning: https://self-repair.mozilla.org/en-US/repair/, line 8: mutating the [[Prototype]] of an object will cause your code to run very slowly; instead create the object with the correct initial [[Prototype]] value using Object.create

Build info: version: &#039;2.45.0&#039;, revision: &#039;32a636c&#039;, time: &#039;2015-03-05 22:01:35&#039;
System info: host: &#039;7eleven1-PC&#039;, ip: &#039;192.168.1.7&#039;, os.name: &#039;Windows 7&#039;, os.arch: &#039;x86&#039;, os.version: &#039;6.1&#039;, java.version: &#039;1.8.0_65&#039;
Driver info: driver.version: FirefoxDriver">
      <![CDATA[org.openqa.selenium.WebDriverException: Failed to connect to binary FirefoxBinary(C:\Program Files (x86)\Mozilla Firefox\firefox.exe) on port 7055; process output follows: 
82AF8DCA-6DE9-405D-BD5E-43525BDAD38A} in app-global
1450687773245	addons.xpi	DEBUG	getModTime: Recursive scan of {972ce4c6-7e08-4474-a285-3208198ce6fd}
1450687773246	addons.xpi	DEBUG	Existing add-on {972ce4c6-7e08-4474-a285-3208198ce6fd} in app-global
1450687773246	addons.xpi	DEBUG	Existing add-on {4ED1F68A-5463-4931-9384-8FFF5ED91D92} in winreg-app-global
1450687773246	addons.xpi	DEBUG	getInstallState changed: false, state: {"app-profile":{"fxdriver@googlecode.com":{"d":"C:\\Users\\7eleven1\\AppData\\Local\\Temp\\anonymous296845526318039685webdriver-profile\\extensions\\fxdriver@googlecode.com","e":false,"v":"2.45.0","st":1450687767878,"mt":1450687767726}},"app-global":{"{82AF8DCA-6DE9-405D-BD5E-43525BDAD38A}":{"d":"C:\\Program Files (x86)\\Mozilla Firefox\\browser\\extensions\\{82AF8DCA-6DE9-405D-BD5E-43525BDAD38A}.xpi","e":true,"v":"7.5.0.9082","st":1444303946000},"{972ce4c6-7e08-4474-a285-3208198ce6fd}":{"d":"C:\\Program Files (x86)\\Mozilla Firefox\\browser\\extensions\\{972ce4c6-7e08-4474-a285-3208198ce6fd}","e":true,"v":"43.0.1","st":1450519909399,"mt":1450519908633}},"winreg-app-global":{"{4ED1F68A-5463-4931-9384-8FFF5ED91D92}":{"d":"C:\\Program Files (x86)\\McAfee\\SiteAdvisor","e":false,"v":"3.6.6","st":1399707877582,"mt":1395226506000}}}
1450687773248	addons.xpi	DEBUG	No changes found
1450687773253	addons.xpi	DEBUG	Registering manifest for C:\Program Files (x86)\Mozilla Firefox\browser\extensions\{82AF8DCA-6DE9-405D-BD5E-43525BDAD38A}.xpi
1450687773254	addons.xpi	DEBUG	Loading bootstrap scope from C:\Program Files (x86)\Mozilla Firefox\browser\extensions\{82AF8DCA-6DE9-405D-BD5E-43525BDAD38A}.xpi
1450687773259	addons.xpi	DEBUG	Calling bootstrap method startup on {82AF8DCA-6DE9-405D-BD5E-43525BDAD38A} version 7.5.0.9082
1450687773297	addons.manager	DEBUG	Registering shutdown blocker for XPIProvider
1450687773297	addons.manager	DEBUG	Provider finished startup: XPIProvider
1450687773297	addons.manager	DEBUG	Starting provider: LightweightThemeManager
1450687773297	addons.manager	DEBUG	Registering shutdown blocker for LightweightThemeManager
1450687773297	addons.manager	DEBUG	Provider finished startup: LightweightThemeManager
1450687773298	addons.manager	DEBUG	Starting provider: GMPProvider
1450687773302	addons.manager	DEBUG	Registering shutdown blocker for GMPProvider
1450687773302	addons.manager	DEBUG	Provider finished startup: GMPProvider
1450687773302	addons.manager	DEBUG	Starting provider: PluginProvider
1450687773302	addons.manager	DEBUG	Registering shutdown blocker for PluginProvider
1450687773303	addons.manager	DEBUG	Provider finished startup: PluginProvider
1450687773303	addons.manager	DEBUG	Completed startup sequence
1450687773459	addons.xpi-utils	DEBUG	Starting async load of XPI database C:\Users\7eleven1\AppData\Local\Temp\anonymous296845526318039685webdriver-profile\extensions.json
*** Blocklist::_loadBlocklistFromFile: blocklist is disabled
1450687773542	addons.manager	DEBUG	Starting provider: <unnamed-provider>
1450687773542	addons.manager	DEBUG	Registering shutdown blocker for <unnamed-provider>
1450687773542	addons.manager	DEBUG	Provider finished startup: <unnamed-provider>
1450687773630	addons.xpi-utils	DEBUG	Async JSON file read took 0 MS
1450687773630	addons.xpi-utils	DEBUG	Finished async read of XPI database, parsing...
1450687773631	addons.xpi-utils	DEBUG	Successfully read XPI database
1450687773700	addons.manager	DEBUG	Starting provider: PreviousExperimentProvider
1450687773700	addons.manager	DEBUG	Registering shutdown blocker for PreviousExperimentProvider
1450687773700	addons.manager	DEBUG	Provider finished startup: PreviousExperimentProvider
JavaScript error: resource://skype_ff_extension-at-jetpack/skype_ff_extension/data/c2c_options_menu_localization.js, line 189: TypeError: document.getElementById(...) is null
JavaScript warning: https://self-repair.mozilla.org/en-US/repair/, line 8: mutating the [[Prototype]] of an object will cause your code to run very slowly; instead create the object with the correct initial [[Prototype]] value using Object.create

Build info: version: '2.45.0', revision: '32a636c', time: '2015-03-05 22:01:35'
System info: host: '7eleven1-PC', ip: '192.168.1.7', os.name: 'Windows 7', os.arch: 'x86', os.version: '6.1', java.version: '1.8.0_65'
Driver info: driver.version: FirefoxDriver
	at org.openqa.selenium.firefox.internal.NewProfileExtensionConnection.start(NewProfileExtensionConnection.java:130)
	at org.openqa.selenium.firefox.FirefoxDriver.startClient(FirefoxDriver.java:246)
	at org.openqa.selenium.remote.RemoteWebDriver.<init>(RemoteWebDriver.java:114)
	at org.openqa.selenium.firefox.FirefoxDriver.<init>(FirefoxDriver.java:193)
	at org.openqa.selenium.firefox.FirefoxDriver.<init>(FirefoxDriver.java:186)
	at org.openqa.selenium.firefox.FirefoxDriver.<init>(FirefoxDriver.java:182)
	at org.openqa.selenium.firefox.FirefoxDriver.<init>(FirefoxDriver.java:95)
	at ddTest.Datadriventest.setUp(Datadriventest.java:29)
	at sun.reflect.NativeMethodAccessorImpl.invoke0(Native Method)
	at sun.reflect.NativeMethodAccessorImpl.invoke(Unknown Source)
	at sun.reflect.DelegatingMethodAccessorImpl.invoke(Unknown Source)
	at java.lang.reflect.Method.invoke(Unknown Source)
	at org.testng.internal.MethodInvocationHelper.invokeMethod(MethodInvocationHelper.java:85)
	at org.testng.internal.Invoker.invokeConfigurationMethod(Invoker.java:521)
	at org.testng.internal.Invoker.invokeConfigurations(Invoker.java:213)
	at org.testng.internal.Invoker.invokeConfigurations(Invoker.java:140)
	at org.testng.TestRunner.beforeRun(TestRunner.java:645)
	at org.testng.TestRunner.run(TestRunner.java:613)
	at org.testng.SuiteRunner.runTest(SuiteRunner.java:357)
	at org.testng.SuiteRunner.runSequentially(SuiteRunner.java:352)
	at org.testng.SuiteRunner.privateRun(SuiteRunner.java:310)
	at org.testng.SuiteRunner.run(SuiteRunner.java:259)
	at org.testng.SuiteRunnerWorker.runSuite(SuiteRunnerWorker.java:52)
	at org.testng.SuiteRunnerWorker.run(SuiteRunnerWorker.java:86)
	at org.testng.TestNG.runSuitesSequentially(TestNG.java:1200)
	at org.testng.TestNG.runSuitesLocally(TestNG.java:1125)
	at org.testng.TestNG.run(TestNG.java:1033)
	at org.testng.remote.RemoteTestNG.run(RemoteTestNG.java:111)
	at org.testng.remote.RemoteTestNG.initAndRun(RemoteTestNG.java:204)
	at org.testng.remote.RemoteTestNG.main(RemoteTestNG.java:175)
Caused by: org.openqa.selenium.firefox.NotConnectedException: Unable to connect to host 127.0.0.1 on port 7055 after 45000 ms. Firefox console output:
82AF8DCA-6DE9-405D-BD5E-43525BDAD38A} in app-global
1450687773245	addons.xpi	DEBUG	getModTime: Recursive scan of {972ce4c6-7e08-4474-a285-3208198ce6fd}
1450687773246	addons.xpi	DEBUG	Existing add-on {972ce4c6-7e08-4474-a285-3208198ce6fd} in app-global
1450687773246	addons.xpi	DEBUG	Existing add-on {4ED1F68A-5463-4931-9384-8FFF5ED91D92} in winreg-app-global
1450687773246	addons.xpi	DEBUG	getInstallState changed: false, state: {"app-profile":{"fxdriver@googlecode.com":{"d":"C:\\Users\\7eleven1\\AppData\\Local\\Temp\\anonymous296845526318039685webdriver-profile\\extensions\\fxdriver@googlecode.com","e":false,"v":"2.45.0","st":1450687767878,"mt":1450687767726}},"app-global":{"{82AF8DCA-6DE9-405D-BD5E-43525BDAD38A}":{"d":"C:\\Program Files (x86)\\Mozilla Firefox\\browser\\extensions\\{82AF8DCA-6DE9-405D-BD5E-43525BDAD38A}.xpi","e":true,"v":"7.5.0.9082","st":1444303946000},"{972ce4c6-7e08-4474-a285-3208198ce6fd}":{"d":"C:\\Program Files (x86)\\Mozilla Firefox\\browser\\extensions\\{972ce4c6-7e08-4474-a285-3208198ce6fd}","e":true,"v":"43.0.1","st":1450519909399,"mt":1450519908633}},"winreg-app-global":{"{4ED1F68A-5463-4931-9384-8FFF5ED91D92}":{"d":"C:\\Program Files (x86)\\McAfee\\SiteAdvisor","e":false,"v":"3.6.6","st":1399707877582,"mt":1395226506000}}}
1450687773248	addons.xpi	DEBUG	No changes found
1450687773253	addons.xpi	DEBUG	Registering manifest for C:\Program Files (x86)\Mozilla Firefox\browser\extensions\{82AF8DCA-6DE9-405D-BD5E-43525BDAD38A}.xpi
1450687773254	addons.xpi	DEBUG	Loading bootstrap scope from C:\Program Files (x86)\Mozilla Firefox\browser\extensions\{82AF8DCA-6DE9-405D-BD5E-43525BDAD38A}.xpi
1450687773259	addons.xpi	DEBUG	Calling bootstrap method startup on {82AF8DCA-6DE9-405D-BD5E-43525BDAD38A} version 7.5.0.9082
1450687773297	addons.manager	DEBUG	Registering shutdown blocker for XPIProvider
1450687773297	addons.manager	DEBUG	Provider finished startup: XPIProvider
1450687773297	addons.manager	DEBUG	Starting provider: LightweightThemeManager
1450687773297	addons.manager	DEBUG	Registering shutdown blocker for LightweightThemeManager
1450687773297	addons.manager	DEBUG	Provider finished startup: LightweightThemeManager
1450687773298	addons.manager	DEBUG	Starting provider: GMPProvider
1450687773302	addons.manager	DEBUG	Registering shutdown blocker for GMPProvider
1450687773302	addons.manager	DEBUG	Provider finished startup: GMPProvider
1450687773302	addons.manager	DEBUG	Starting provider: PluginProvider
1450687773302	addons.manager	DEBUG	Registering shutdown blocker for PluginProvider
1450687773303	addons.manager	DEBUG	Provider finished startup: PluginProvider
1450687773303	addons.manager	DEBUG	Completed startup sequence
1450687773459	addons.xpi-utils	DEBUG	Starting async load of XPI database C:\Users\7eleven1\AppData\Local\Temp\anonymous296845526318039685webdriver-profile\extensions.json
*** Blocklist::_loadBlocklistFromFile: blocklist is disabled
1450687773542	addons.manager	DEBUG	Starting provider: <unnamed-provider>
1450687773542	addons.manager	DEBUG	Registering shutdown blocker for <unnamed-provider>
1450687773542	addons.manager	DEBUG	Provider finished startup: <unnamed-provider>
1450687773630	addons.xpi-utils	DEBUG	Async JSON file read took 0 MS
1450687773630	addons.xpi-utils	DEBUG	Finished async read of XPI database, parsing...
1450687773631	addons.xpi-utils	DEBUG	Successfully read XPI database
1450687773700	addons.manager	DEBUG	Starting provider: PreviousExperimentProvider
1450687773700	addons.manager	DEBUG	Registering shutdown blocker for PreviousExperimentProvider
1450687773700	addons.manager	DEBUG	Provider finished startup: PreviousExperimentProvider
JavaScript error: resource://skype_ff_extension-at-jetpack/skype_ff_extension/data/c2c_options_menu_localization.js, line 189: TypeError: document.getElementById(...) is null
JavaScript warning: https://self-repair.mozilla.org/en-US/repair/, line 8: mutating the [[Prototype]] of an object will cause your code to run very slowly; instead create the object with the correct initial [[Prototype]] value using Object.create

	at org.openqa.selenium.firefox.internal.NewProfileExtensionConnection.start(NewProfileExtensionConnection.java:118)
	... 29 more
]]>
    </error>
  </testcase> <!-- testCase -->
</testsuite> <!-- ddTest.Datadriventest -->
