<?xml version="1.0" encoding="UTF-8"?>
<!-- Generated by org.testng.reporters.JUnitReportReporter -->
<testsuite hostname="7eleven1-PC" name="groupTEst.testNGclass" tests="2" failures="0" timestamp="30 Oct 2015 11:35:51 GMT" time="0.011" errors="0">
  <testcase name="testSalutationMessage" time="0.000" classname="groupTEst.testNGclass"/>
  <testcase name="testPrintMessage" time="0.011" classname="groupTEst.testNGclass"/>
</testsuite> <!-- groupTEst.testNGclass -->
