<?xml version="1.0" encoding="UTF-8"?>
<!-- Generated by org.testng.reporters.JUnitReportReporter -->
<testsuite hostname="7eleven1-PC" name="advance.firstTestNg" tests="2" failures="0" timestamp="11 Jul 2015 09:23:19 GMT" time="0.010" errors="0">
  <testcase name="SlowTest" time="0.001" classname="advance.firstTestNg"/>
  <testcase name="FastTest" time="0.009" classname="advance.firstTestNg"/>
</testsuite> <!-- advance.firstTestNg -->
