<?xml version="1.0" encoding="UTF-8"?>
<!-- Generated by org.testng.reporters.JUnitReportReporter -->
<testsuite hostname="7eleven1-PC" name="TestClass.dragandDrop" tests="1" failures="0" timestamp="11 Jul 2015 08:30:20 GMT" time="0.645" errors="0">
  <testcase name="testCase1" time="0.645" classname="TestClass.dragandDrop"/>
</testsuite> <!-- TestClass.dragandDrop -->
