<?xml version="1.0" encoding="UTF-8"?>
<!-- Generated by org.testng.reporters.JUnitReportReporter -->
<testsuite hostname="7eleven1-PC" name="assert2.assert3" tests="1" failures="0" timestamp="30 Oct 2015 07:38:07 GMT" time="3.580" errors="0">
  <testcase name="testCase" time="3.580" classname="assert2.assert3"/>
</testsuite> <!-- assert2.assert3 -->
