<?xml version="1.0" encoding="UTF-8"?>
<!-- Generated by org.testng.reporters.JUnitReportReporter -->
<testsuite hostname="7eleven1-PC" name="TestClass.objectmove" tests="1" failures="0" timestamp="11 Jul 2015 09:04:30 GMT" time="0.580" errors="0">
  <testcase name="testCase1" time="0.580" classname="TestClass.objectmove"/>
</testsuite> <!-- TestClass.objectmove -->
