<?xml version="1.0" encoding="UTF-8"?>
<!-- Generated by org.testng.reporters.JUnitReportReporter -->
<testsuite hostname="7eleven1-PC" name="TestClass.navigate" tests="1" failures="0" timestamp="11 Jul 2015 08:51:09 GMT" time="1.730" errors="0">
  <testcase name="test1" time="1.730" classname="TestClass.navigate"/>
</testsuite> <!-- TestClass.navigate -->
