<?xml version="1.0" encoding="UTF-8"?>
<!-- Generated by org.testng.reporters.JUnitReportReporter -->
<testsuite hostname="7eleven1-PC" name="advance.scroll" tests="3" failures="0" timestamp="2 Nov 2015 09:01:55 GMT" time="7.633" errors="0">
  <testcase name="scrollingByCoordinatesofAPage" time="3.259" classname="advance.scroll"/>
  <testcase name="scrollingToBottomofAPage" time="1.543" classname="advance.scroll"/>
  <testcase name="scrollingToElementofAPage" time="2.831" classname="advance.scroll"/>
</testsuite> <!-- advance.scroll -->
