<?xml version="1.0" encoding="UTF-8"?>
<!-- Generated by org.testng.reporters.JUnitReportReporter -->
<testsuite hostname="7eleven1-PC" name="testNG.Fisherprice" tests="1" failures="0" timestamp="7 Nov 2015 11:07:01 GMT" time="251.412" errors="0">
  <testcase name="testCase1" time="251.412" classname="testNG.Fisherprice"/>
</testsuite> <!-- testNG.Fisherprice -->
