<?xml version="1.0" encoding="UTF-8"?>
<!-- Generated by org.testng.reporters.JUnitReportReporter -->
<testsuite hostname="7eleven1-PC" name="TestClass.scroll" tests="1" failures="0" timestamp="3 Jul 2015 07:53:38 GMT" time="0.057" errors="0">
  <testcase name="testCase2" time="0.057" classname="TestClass.scroll"/>
</testsuite> <!-- TestClass.scroll -->
