<?xml version="1.0" encoding="UTF-8"?>
<!-- Generated by org.testng.reporters.JUnitReportReporter -->
<testsuite hostname="7eleven1-PC" name="groupTEst.testNGclass" tests="3" failures="0" timestamp="8 Jul 2015 10:10:24 GMT" time="0.012" errors="0">
  <testcase name="testingExitMessage" time="0.001" classname="groupTEst.testNGclass"/>
  <testcase name="testSalutationMessage" time="0.001" classname="groupTEst.testNGclass"/>
  <testcase name="testPrintMessage" time="0.010" classname="groupTEst.testNGclass"/>
</testsuite> <!-- groupTEst.testNGclass -->
