<?xml version="1.0" encoding="UTF-8"?>
<!-- Generated by org.testng.reporters.JUnitReportReporter -->
<testsuite hostname="7eleven1-PC" name="priya.priyanavigate" tests="1" failures="0" timestamp="3 Jul 2015 09:25:14 GMT" time="2.427" errors="0">
  <testcase name="Rome" time="2.427" classname="priya.priyanavigate"/>
</testsuite> <!-- priya.priyanavigate -->
