<?xml version="1.0" encoding="UTF-8"?>
<!-- Generated by org.testng.reporters.JUnitReportReporter -->
<testsuite hostname="7eleven1-PC" name="advance.test1" tests="1" failures="0" timestamp="4 Jul 2015 04:21:22 GMT" time="11.661" errors="0">
  <testcase name="TestCase1" time="11.661" classname="advance.test1"/>
</testsuite> <!-- advance.test1 -->
