<?xml version="1.0" encoding="UTF-8"?>
<!-- Generated by org.testng.reporters.JUnitReportReporter -->
<testsuite hostname="7eleven1-PC" name="TestClass.dragandDrop" tests="1" failures="0" timestamp="8 Jul 2015 09:02:02 GMT" time="0.784" errors="0">
  <testcase name="testCase1" time="0.784" classname="TestClass.dragandDrop"/>
</testsuite> <!-- TestClass.dragandDrop -->
