<?xml version="1.0" encoding="UTF-8"?>
<!-- Generated by org.testng.reporters.JUnitReportReporter -->
<testsuite hostname="7eleven1-PC" name="datadriven.TestClass" tests="1" failures="0" timestamp="10 Jul 2015 05:37:46 GMT" time="0.148" errors="0">
  <testcase name="testcase" time="0.148" classname="datadriven.TestClass"/>
</testsuite> <!-- datadriven.TestClass -->
