<?xml version="1.0" encoding="UTF-8"?>
<!-- Generated by org.testng.reporters.JUnitReportReporter -->
<testsuite hostname="7eleven1-PC" name="priya.priyasubclass" tests="1" failures="0" timestamp="3 Jul 2015 09:10:49 GMT" time="9.030" errors="0">
  <testcase name="pink" time="9.030" classname="priya.priyasubclass"/>
</testsuite> <!-- priya.priyasubclass -->
