<?xml version="1.0" encoding="UTF-8"?>
<!-- Generated by org.testng.reporters.JUnitReportReporter -->
<testsuite hostname="7eleven1-PC" name="TestClass.priyatestclass" tests="2" failures="0" timestamp="3 Jul 2015 08:49:32 GMT" time="0.180" errors="0">
  <testcase name="test2" time="0.113" classname="TestClass.priyatestclass"/>
  <testcase name="test1" time="0.067" classname="TestClass.priyatestclass"/>
</testsuite> <!-- TestClass.priyatestclass -->
