<?xml version="1.0" encoding="UTF-8"?>
<!-- Generated by org.testng.reporters.JUnitReportReporter -->
<testsuite hostname="7eleven1-PC" name="TestClass.navigate" tests="1" failures="0" timestamp="3 Jul 2015 07:27:11 GMT" time="1.734" errors="0">
  <testcase name="test1" time="1.734" classname="TestClass.navigate"/>
</testsuite> <!-- TestClass.navigate -->
