<?xml version="1.0" encoding="UTF-8"?>
<!-- Generated by org.testng.reporters.JUnitReportReporter -->
<testsuite hostname="7eleven1-PC" name="advance.scroll" tests="3" failures="0" timestamp="3 Jul 2015 05:42:19 GMT" time="7.176" errors="0">
  <testcase name="scrollingToBottomofAPage" time="1.056" classname="advance.scroll"/>
  <testcase name="scrollingToElementofAPage" time="2.106" classname="advance.scroll"/>
  <testcase name="scrollingByCoordinatesofAPage" time="4.014" classname="advance.scroll"/>
</testsuite> <!-- advance.scroll -->
