<?xml version="1.0" encoding="UTF-8"?>
<!-- Generated by org.testng.reporters.JUnitReportReporter -->
<testsuite hostname="7eleven1-PC" name="TestClass.objectmove" tests="1" failures="0" timestamp="8 Jul 2015 09:08:03 GMT" time="0.419" errors="0">
  <testcase name="testCase1" time="0.419" classname="TestClass.objectmove"/>
</testsuite> <!-- TestClass.objectmove -->
