<?xml version="1.0" encoding="UTF-8"?>
<!-- Generated by org.testng.reporters.JUnitReportReporter -->
<testsuite hostname="7eleven1-PC" name="advance.firstTestNg" tests="1" failures="0" timestamp="8 Jul 2015 09:29:36 GMT" time="0.009" errors="0">
  <testcase name="aSlowTest" time="0.009" classname="advance.firstTestNg"/>
</testsuite> <!-- advance.firstTestNg -->
