<?xml version="1.0" encoding="UTF-8"?>
<!-- Generated by org.testng.reporters.JUnitReportReporter -->
<testsuite hostname="7eleven1-PC" name="priyaptng.priyadatadriven" tests="3" failures="0" timestamp="2 Jul 2015 09:30:30 GMT" time="2.507" errors="0">
  <testcase name="data" time="0.505" classname="priyaptng.priyadatadriven"/>
  <testcase name="data" time="1.329" classname="priyaptng.priyadatadriven"/>
  <testcase name="data" time="0.673" classname="priyaptng.priyadatadriven"/>
</testsuite> <!-- priyaptng.priyadatadriven -->
