<?xml version="1.0" encoding="UTF-8"?>
<!-- Generated by org.testng.reporters.JUnitReportReporter -->
<testsuite hostname="7eleven1-PC" name="pom.TestTrainer" tests="1" failures="0" timestamp="6 Jul 2015 12:51:29 GMT" time="0.279" errors="0">
  <testcase name="Testcase" time="0.279" classname="pom.TestTrainer"/>
</testsuite> <!-- pom.TestTrainer -->
