<?xml version="1.0" encoding="UTF-8"?>
<!-- Generated by org.testng.reporters.JUnitReportReporter -->
<testsuite hostname="7eleven1-PC" name="pom.newclass" tests="1" failures="0" timestamp="28 Oct 2015 08:02:56 GMT" time="1.995" errors="0">
  <testcase name="Testcase" time="1.995" classname="pom.newclass"/>
</testsuite> <!-- pom.newclass -->
