<?xml version="1.0" encoding="UTF-8"?>
<!-- Generated by org.testng.reporters.JUnitReportReporter -->
<testsuite hostname="7eleven1-PC" name="priyaptng.testng" tests="1" failures="0" timestamp="28 Oct 2015 08:19:40 GMT" time="3.938" errors="0">
  <testcase name="priya" time="3.938" classname="priyaptng.testng"/>
</testsuite> <!-- priyaptng.testng -->
