<?xml version="1.0" encoding="UTF-8"?>
<!-- Generated by org.testng.reporters.JUnitReportReporter -->
<testsuite hostname="7eleven1-PC" name="pom.selectfrmdropdown" tests="1" failures="0" timestamp="2 Nov 2015 08:52:55 GMT" time="3.296" errors="0">
  <testcase name="Testcase1" time="3.296" classname="pom.selectfrmdropdown"/>
</testsuite> <!-- pom.selectfrmdropdown -->
