<?xml version="1.0" encoding="UTF-8"?>
<!-- Generated by org.testng.reporters.JUnitReportReporter -->
<testsuite hostname="7eleven1-PC" name="pa2.pa4" tests="3" failures="0" timestamp="19 Oct 2015 08:36:37 GMT" time="5.094" errors="0">
  <testcase name="testcase" time="3.598" classname="pa2.pa4"/>
  <testcase name="testcase" time="0.718" classname="pa2.pa4"/>
  <testcase name="testcase" time="0.778" classname="pa2.pa4"/>
</testsuite> <!-- pa2.pa4 -->
