<?xml version="1.0" encoding="UTF-8"?>
<!-- Generated by org.testng.reporters.JUnitReportReporter -->
<testsuite hostname="7eleven1-PC" name="NG.NgClass" tests="2" failures="0" timestamp="27 Jun 2015 07:19:31 GMT" time="0.016" errors="0">
  <testcase name="test1" time="0.016" classname="NG.NgClass"/>
  <testcase name="test2" time="0.000" classname="NG.NgClass"/>
</testsuite> <!-- NG.NgClass -->
