<?xml version="1.0" encoding="UTF-8"?>
<!-- Generated by org.testng.reporters.JUnitReportReporter -->
<testsuite hostname="7eleven1-PC" name="cheating.aaaa" tests="1" failures="0" timestamp="30 Oct 2015 11:17:48 GMT" time="11.599" errors="0">
  <testcase name="testUntitled" time="11.599" classname="cheating.aaaa"/>
</testsuite> <!-- cheating.aaaa -->
