<?xml version="1.0" encoding="UTF-8"?>
<!-- Generated by org.testng.reporters.JUnitReportReporter -->
<testsuite hostname="7eleven1-PC" name="exceltry.aaaaa" tests="1" failures="0" timestamp="3 Aug 2015 11:05:32 GMT" time="0.125" errors="0">
  <testcase name="testCase" time="0.125" classname="exceltry.aaaaa"/>
</testsuite> <!-- exceltry.aaaaa -->
