<?xml version="1.0" encoding="UTF-8"?>
<!-- Generated by org.testng.reporters.JUnitReportReporter -->
<testsuite hostname="7eleven1-PC" name="deep1.deep2" tests="1" failures="0" timestamp="21 Jun 2015 09:03:07 GMT" time="31.401" errors="0">
  <testcase name="test" time="31.401" classname="deep1.deep2"/>
</testsuite> <!-- deep1.deep2 -->
