<?xml version="1.0" encoding="UTF-8"?>
<!-- Generated by org.testng.reporters.JUnitReportReporter -->
<testsuite hostname="7eleven1-PC" name="Firstprogram.def" tests="2" failures="0" timestamp="27 Jun 2015 07:45:55 GMT" time="0.017" errors="0">
  <testcase name="sub" time="0.001" classname="Firstprogram.def"/>
  <testcase name="add" time="0.016" classname="Firstprogram.def"/>
</testsuite> <!-- Firstprogram.def -->
