<?xml version="1.0" encoding="UTF-8"?>
<!-- Generated by org.testng.reporters.JUnitReportReporter -->
<testsuite hostname="7eleven1-PC" name="Firstprogram.abc" tests="1" failures="0" timestamp="27 Jun 2015 07:23:09 GMT" time="0.016" errors="0">
  <testcase name="testcase1" time="0.016" classname="Firstprogram.abc"/>
</testsuite> <!-- Firstprogram.abc -->
