<?xml version="1.0" encoding="UTF-8"?>
<!-- Generated by org.testng.reporters.JUnitReportReporter -->
<testsuite hostname="7eleven1-PC" name="Firstprogram.SampleNG" tests="1" failures="0" timestamp="27 Jun 2015 09:50:29 GMT" time="1.506" errors="0">
  <testcase name="testcase" time="1.506" classname="Firstprogram.SampleNG"/>
</testsuite> <!-- Firstprogram.SampleNG -->
