<?xml version="1.0" encoding="UTF-8"?>
<!-- Generated by org.testng.reporters.JUnitReportReporter -->
<testsuite hostname="7eleven1-PC" name="TestCase.SampleTest" tests="3" failures="0" timestamp="27 Jun 2015 07:53:31 GMT" time="0.010" errors="0">
  <testcase name="testCasePassword" time="0.001" classname="TestCase.SampleTest"/>
  <testcase name="testCaseRegister" time="0.008" classname="TestCase.SampleTest"/>
  <testcase name="testCaseLogin" time="0.001" classname="TestCase.SampleTest"/>
</testsuite> <!-- TestCase.SampleTest -->
