<?xml version="1.0" encoding="UTF-8"?>
<!-- Generated by org.testng.reporters.JUnitReportReporter -->
<testsuite hostname="7eleven1-PC" name="TestCase.Handlingdropdown" tests="1" failures="0" timestamp="11 Jul 2015 08:21:23 GMT" time="0.587" errors="0">
  <testcase name="testcase" time="0.587" classname="TestCase.Handlingdropdown"/>
</testsuite> <!-- TestCase.Handlingdropdown -->
