<?xml version="1.0" encoding="UTF-8"?>
<!-- Generated by org.testng.reporters.JUnitReportReporter -->
<testsuite hostname="7eleven1-PC" name="TestCase.webdriverprogram" tests="1" failures="0" timestamp="2 Jul 2015 07:30:53 GMT" time="1.245" errors="0">
  <testcase name="testcase1" time="1.245" classname="TestCase.webdriverprogram"/>
</testsuite> <!-- TestCase.webdriverprogram -->
