<?xml version="1.0" encoding="UTF-8"?>
<!-- Generated by org.testng.reporters.JUnitReportReporter -->
<testsuite hostname="7eleven1-PC" name="TestCase.SampleTest1" tests="2" failures="0" timestamp="17 Jun 2015 11:41:35 GMT" time="0.020" errors="0">
  <testcase name="testCase" time="0.018" classname="TestCase.SampleTest1"/>
  <testcase name="testCase1" time="0.002" classname="TestCase.SampleTest1"/>
</testsuite> <!-- TestCase.SampleTest1 -->
