<?xml version="1.0" encoding="UTF-8"?>
<!-- Generated by org.testng.reporters.JUnitReportReporter -->
<testsuite hostname="7eleven1-PC" name="TestCase.testsample" tests="1" failures="0" timestamp="5 Sep 2015 11:02:32 GMT" time="5.657" errors="0">
  <testcase name="Testcase" time="5.657" classname="TestCase.testsample"/>
</testsuite> <!-- TestCase.testsample -->
