<?xml version="1.0" encoding="UTF-8"?>
<!-- Generated by org.testng.reporters.JUnitReportReporter -->
<testsuite hostname="7eleven1-PC" name="dp1.dp2" tests="1" failures="0" timestamp="30 Oct 2015 07:44:37 GMT" time="12.821" errors="0">
  <testcase name="testcase" time="12.821" classname="dp1.dp2"/>
</testsuite> <!-- dp1.dp2 -->
